This file contains any messages produced by compilers while
running configure, to aid debugging if configure makes a mistake.

It was created by genesis configure 1.6.1, which was
generated by GNU Autoconf 2.69.  Invocation command line was

  $ ./configure --no-create --no-recursion

## --------- ##
## Platform. ##
## --------- ##

hostname = kelp
uname -m = x86_64
uname -r = 4.18.0-425.3.1.el8.x86_64
uname -s = Linux
uname -v = #1 SMP Wed Nov 9 20:13:27 UTC 2022

/usr/bin/uname -p = x86_64
/bin/uname -X     = unknown

/bin/arch              = x86_64
/usr/bin/arch -k       = unknown
/usr/convex/getsysinfo = unknown
/usr/bin/hostinfo      = unknown
/bin/machine           = unknown
/usr/bin/oslevel       = unknown
/bin/universe          = unknown

PATH: /home/yklei/software/bin
PATH: /home/yklei/software/my_genesis_multipole/bin
PATH: /usr/local/cuda/bin
PATH: /home/yklei/anaconda3/condabin
PATH: /opt/uge/bin/lx-amd64
PATH: /usr/local/cuda-11.4/bin
PATH: /home/mdsoft/mpi/mpi_cent-v7_intel64/openmpi-v4.1.0_intel_v21.4.0/bin
PATH: /home/mdsoft/intel_compiler/intel_compiler_cent-v5_intel64/intel/oneapi/mkl/2021.4.0/bin/intel64
PATH: /home/mdsoft/intel_compiler/intel_compiler_cent-v5_intel64/intel/oneapi/compiler/2021.4.0/linux/lib/oclfpga/llvm/aocl-bin
PATH: /home/mdsoft/intel_compiler/intel_compiler_cent-v5_intel64/intel/oneapi/compiler/2021.4.0/linux/lib/oclfpga/bin
PATH: /home/mdsoft/intel_compiler/intel_compiler_cent-v5_intel64/intel/oneapi/compiler/2021.4.0/linux/bin/intel64
PATH: /home/mdsoft/intel_compiler/intel_compiler_cent-v5_intel64/intel/oneapi/compiler/2021.4.0/linux/bin
PATH: /usr/share/Modules/bin
PATH: /usr/local/bin
PATH: /usr/bin
PATH: /usr/local/sbin
PATH: /usr/sbin
PATH: /opt/dell/srvadmin/bin
PATH: /home/yklei/.local/bin
PATH: /home/yklei/bin


## ----------- ##
## Core tests. ##
## ----------- ##

configure:2322: checking for a BSD-compatible install
configure:2390: result: /usr/bin/install -c
configure:2401: checking whether build environment is sane
configure:2456: result: yes
configure:2607: checking for a thread-safe mkdir -p
configure:2646: result: /usr/bin/mkdir -p
configure:2653: checking for gawk
configure:2669: found /usr/bin/gawk
configure:2680: result: gawk
configure:2691: checking whether make sets $(MAKE)
configure:2713: result: yes
configure:2742: checking whether make supports nested variables
configure:2759: result: yes
configure:2849: checking whether make sets $(MAKE)
configure:2871: result: yes
configure:2926: checking for ranlib
configure:2942: found /usr/bin/ranlib
configure:2953: result: ranlib
configure:3116: checking for mpifrtpx
configure:3146: result: no
configure:3116: checking for mpifrt
configure:3146: result: no
configure:3116: checking for mpif90
configure:3132: found /home/mdsoft/mpi/mpi_cent-v7_intel64/openmpi-v4.1.0_intel_v21.4.0/bin/mpif90
configure:3143: result: mpif90
configure:3169: checking for Fortran compiler version
configure:3178: mpif90 --version >&5
ifort (IFORT) 2021.4.0 20210910
Copyright (C) 1985-2021 Intel Corporation.  All rights reserved.

configure:3189: $? = 0
configure:3178: mpif90 -v >&5
ifort version 2021.4.0
configure:3189: $? = 0
configure:3178: mpif90 -V >&5
Intel(R) Fortran Intel(R) 64 Compiler Classic for applications running on Intel(R) 64, Version 2021.4.0 Build 20210910_000000
Copyright (C) 1985-2021 Intel Corporation.  All rights reserved.

configure:3189: $? = 0
configure:3178: mpif90 -qversion >&5
ifort: command line warning #10006: ignoring unknown option '-qversion'
ifort: command line error: no files specified; for help type "ifort -help"
configure:3189: $? = 1
configure:3204: checking whether the Fortran compiler works
configure:3226: mpif90    conftest.f  >&5
configure:3230: $? = 0
configure:3278: result: yes
configure:3281: checking for Fortran compiler default output file name
configure:3283: result: a.out
configure:3289: checking for suffix of executables
configure:3296: mpif90 -o conftest    conftest.f  >&5
configure:3300: $? = 0
configure:3322: result: 
configure:3338: checking whether we are cross compiling
configure:3346: mpif90 -o conftest    conftest.f  >&5
configure:3350: $? = 0
configure:3357: ./conftest
configure:3361: $? = 0
configure:3376: result: no
configure:3381: checking for suffix of object files
configure:3397: mpif90 -c   conftest.f >&5
configure:3401: $? = 0
configure:3422: result: o
configure:3430: checking whether we are using the GNU Fortran compiler
configure:3443: mpif90 -c   conftest.F >&5
conftest.F(3): error #5082: Syntax error, found END-OF-STATEMENT when expecting one of: ( : % [ . = =>
       choke me
---------------^
conftest.F(3): error #6218: This statement is positioned incorrectly and/or has syntax errors.
       choke me
-------^
compilation aborted for conftest.F (code 1)
configure:3443: $? = 1
configure: failed program was:
|       program main
| #ifndef __GNUC__
|        choke me
| #endif
| 
|       end
configure:3452: result: no
configure:3458: checking whether mpif90 accepts -g
configure:3469: mpif90 -c -g  conftest.f >&5
configure:3469: $? = 0
configure:3477: result: yes
configure:3558: checking for mpifrtpx
configure:3588: result: no
configure:3558: checking for mpifrt
configure:3588: result: no
configure:3558: checking for mpif90
configure:3574: found /home/mdsoft/mpi/mpi_cent-v7_intel64/openmpi-v4.1.0_intel_v21.4.0/bin/mpif90
configure:3585: result: mpif90
configure:3611: checking for Fortran 77 compiler version
configure:3620: mpif90 --version >&5
ifort (IFORT) 2021.4.0 20210910
Copyright (C) 1985-2021 Intel Corporation.  All rights reserved.

configure:3631: $? = 0
configure:3620: mpif90 -v >&5
ifort version 2021.4.0
configure:3631: $? = 0
configure:3620: mpif90 -V >&5
Intel(R) Fortran Intel(R) 64 Compiler Classic for applications running on Intel(R) 64, Version 2021.4.0 Build 20210910_000000
Copyright (C) 1985-2021 Intel Corporation.  All rights reserved.

configure:3631: $? = 0
configure:3620: mpif90 -qversion >&5
ifort: command line warning #10006: ignoring unknown option '-qversion'
ifort: command line error: no files specified; for help type "ifort -help"
configure:3631: $? = 1
configure:3640: checking whether we are using the GNU Fortran 77 compiler
configure:3653: mpif90 -c  conftest.F >&5
conftest.F(3): error #5082: Syntax error, found END-OF-STATEMENT when expecting one of: ( : % [ . = =>
       choke me
---------------^
conftest.F(3): error #6218: This statement is positioned incorrectly and/or has syntax errors.
       choke me
-------^
compilation aborted for conftest.F (code 1)
configure:3653: $? = 1
configure: failed program was:
|       program main
| #ifndef __GNUC__
|        choke me
| #endif
| 
|       end
configure:3662: result: no
configure:3668: checking whether mpif90 accepts -g
configure:3679: mpif90 -c -g conftest.f >&5
configure:3679: $? = 0
configure:3687: result: yes
configure:3776: checking for mpicxx
configure:3792: found /home/mdsoft/mpi/mpi_cent-v7_intel64/openmpi-v4.1.0_intel_v21.4.0/bin/mpicxx
configure:3803: result: mpicxx
configure:3830: checking for C++ compiler version
configure:3839: mpicxx --version >&5
icpc (ICC) 2021.4.0 20210910
Copyright (C) 1985-2021 Intel Corporation.  All rights reserved.

configure:3850: $? = 0
configure:3839: mpicxx -v >&5
icpc version 2021.4.0 (gcc version 8.5.0 compatibility)
configure:3850: $? = 0
configure:3839: mpicxx -V >&5
Intel(R) C++ Intel(R) 64 Compiler Classic for applications running on Intel(R) 64, Version 2021.4.0 Build 20210910_000000
Copyright (C) 1985-2021 Intel Corporation.  All rights reserved.

configure:3850: $? = 0
configure:3839: mpicxx -qversion >&5
icpc: command line warning #10006: ignoring unknown option '-qversion'
icpc: command line error: no files specified; for help type "icpc -help"
configure:3850: $? = 1
configure:3854: checking whether we are using the GNU C++ compiler
configure:3873: mpicxx -c   conftest.cpp >&5
configure:3873: $? = 0
configure:3882: result: yes
configure:3891: checking whether mpicxx accepts -g
configure:3911: mpicxx -c -g  conftest.cpp >&5
configure:3911: $? = 0
configure:3952: result: yes
configure:3985: checking for style of include used by make
configure:4013: result: GNU
configure:4039: checking dependency style of mpicxx
configure:4150: result: gcc3
configure:4167: checking for actual compiler
configure:4207: result: ifort
configure:4214: checking for fortran version
configure:4230: result: 2021.4.0
configure:4340: checking for mpifccpx
configure:4370: result: no
configure:4340: checking for mpifcc
configure:4370: result: no
configure:4340: checking for mpicc
configure:4356: found /home/mdsoft/mpi/mpi_cent-v7_intel64/openmpi-v4.1.0_intel_v21.4.0/bin/mpicc
configure:4367: result: mpicc
configure:4398: checking for C compiler version
configure:4407: mpicc --version >&5
icc (ICC) 2021.4.0 20210910
Copyright (C) 1985-2021 Intel Corporation.  All rights reserved.

configure:4418: $? = 0
configure:4407: mpicc -v >&5
icc version 2021.4.0 (gcc version 8.5.0 compatibility)
configure:4418: $? = 0
configure:4407: mpicc -V >&5
Intel(R) C Intel(R) 64 Compiler Classic for applications running on Intel(R) 64, Version 2021.4.0 Build 20210910_000000
Copyright (C) 1985-2021 Intel Corporation.  All rights reserved.

configure:4418: $? = 0
configure:4407: mpicc -qversion >&5
icc: command line warning #10006: ignoring unknown option '-qversion'
icc: command line error: no files specified; for help type "icc -help"
configure:4418: $? = 1
configure:4422: checking whether we are using the GNU C compiler
configure:4441: mpicc -c   conftest.c >&5
configure:4441: $? = 0
configure:4450: result: yes
configure:4459: checking whether mpicc accepts -g
configure:4479: mpicc -c -g  conftest.c >&5
configure:4479: $? = 0
configure:4520: result: yes
configure:4537: checking for mpicc option to accept ISO C89
configure:4600: mpicc  -c -g -O2  conftest.c >&5
configure:4600: $? = 0
configure:4613: result: none needed
configure:4634: checking dependency style of mpicc
configure:4745: result: gcc3
configure:4762: checking for actual compiler
configure:4788: result: icc
configure:4970: checking for fpp
configure:4986: found /home/mdsoft/intel_compiler/intel_compiler_cent-v5_intel64/intel/oneapi/compiler/2021.4.0/linux/bin/intel64/fpp
configure:4997: result: fpp
configure:6111: checking platform is RICC
configure:6182: result: no
configure:6921: checking that generated files are newer than configure
configure:6927: result: done
configure:6986: creating ./config.status

## ---------------- ##
## Cache variables. ##
## ---------------- ##

ac_cv_c_compiler_gnu=yes
ac_cv_cxx_compiler_gnu=yes
ac_cv_env_CCC_set=
ac_cv_env_CCC_value=
ac_cv_env_CC_set=
ac_cv_env_CC_value=
ac_cv_env_CFLAGS_set=
ac_cv_env_CFLAGS_value=
ac_cv_env_CPPFLAGS_set=
ac_cv_env_CPPFLAGS_value=
ac_cv_env_CXXCPP_set=
ac_cv_env_CXXCPP_value=
ac_cv_env_CXXFLAGS_set=
ac_cv_env_CXXFLAGS_value=
ac_cv_env_CXX_set=
ac_cv_env_CXX_value=
ac_cv_env_F77_set=
ac_cv_env_F77_value=
ac_cv_env_FCFLAGS_set=
ac_cv_env_FCFLAGS_value=
ac_cv_env_FC_set=
ac_cv_env_FC_value=
ac_cv_env_FFLAGS_set=
ac_cv_env_FFLAGS_value=
ac_cv_env_LAPACK_LIBS_set=
ac_cv_env_LAPACK_LIBS_value=
ac_cv_env_LAPACK_PATH_set=
ac_cv_env_LAPACK_PATH_value=
ac_cv_env_LDFLAGS_set=
ac_cv_env_LDFLAGS_value=
ac_cv_env_LIBS_set=
ac_cv_env_LIBS_value=
ac_cv_env_build_alias_set=
ac_cv_env_build_alias_value=
ac_cv_env_host_alias_set=
ac_cv_env_host_alias_value=
ac_cv_env_target_alias_set=
ac_cv_env_target_alias_value=
ac_cv_f77_compiler_gnu=no
ac_cv_fc_compiler_gnu=no
ac_cv_objext=o
ac_cv_path_install='/usr/bin/install -c'
ac_cv_path_mkdir=/usr/bin/mkdir
ac_cv_prog_AWK=gawk
ac_cv_prog_FPP=fpp
ac_cv_prog_ac_ct_CC=mpicc
ac_cv_prog_ac_ct_CXX=mpicxx
ac_cv_prog_ac_ct_F77=mpif90
ac_cv_prog_ac_ct_FC=mpif90
ac_cv_prog_ac_ct_RANLIB=ranlib
ac_cv_prog_cc_c89=
ac_cv_prog_cc_g=yes
ac_cv_prog_cxx_g=yes
ac_cv_prog_f77_g=yes
ac_cv_prog_fc_g=yes
ac_cv_prog_make_make_set=yes
am_cv_CC_dependencies_compiler_type=gcc3
am_cv_CXX_dependencies_compiler_type=gcc3
am_cv_make_support_nested_variables=yes

## ----------------- ##
## Output variables. ##
## ----------------- ##

ACLOCAL='${SHELL} /home/published_data/Lei_JChemPhys2023/Program/my_genesis_multipole/missing aclocal-1.13'
AMDEPBACKSLASH='\'
AMDEP_FALSE='#'
AMDEP_TRUE=''
AMTAR='$${TAR-tar}'
AM_BACKSLASH='\'
AM_DEFAULT_V='$(AM_DEFAULT_VERBOSITY)'
AM_DEFAULT_VERBOSITY='1'
AM_V='$(V)'
ANALYSIS_FALSE='#'
ANALYSIS_TRUE=''
ARFLAGS=''
ATDYN_FALSE='#'
ATDYN_TRUE=''
AUTOCONF='${SHELL} /home/published_data/Lei_JChemPhys2023/Program/my_genesis_multipole/missing autoconf'
AUTOHEADER='${SHELL} /home/published_data/Lei_JChemPhys2023/Program/my_genesis_multipole/missing autoheader'
AUTOMAKE='${SHELL} /home/published_data/Lei_JChemPhys2023/Program/my_genesis_multipole/missing automake-1.13'
AWK='gawk'
CC='mpicc'
CCDEPMODE='depmode=gcc3'
CFLAGS='-O3 -ip -axCORE-AVX2  -qopenmp'
CPPFLAGS=''
CUDAGPU_FALSE=''
CUDAGPU_TRUE='#'
CXX='mpicxx'
CXXCPP=''
CXXDEPMODE='depmode=gcc3'
CXXFLAGS='-g -O2'
CYGPATH_W='echo'
DEFS='-DHAVE_CONFIG_H'
DEPDIR='.deps'
ECHO_C=''
ECHO_N='-n'
ECHO_T=''
EGREP=''
EXEEXT=''
F77='mpif90'
FC='mpif90'
FCFLAGS='-xHost -O3 -ip -mkl=parallel  -assume byterecl -qopenmp '
FCFLAGS_FFTE_KERNEL_FPP__PGI__SP='-xHost -O3 -ip -mkl=parallel  -assume byterecl -qopenmp '
FCFLAGS_FPP__PGI_NOOPT='-xHost -O3 -ip -mkl=parallel  -assume byterecl -qopenmp '
FCFLAGS_KERNELS_NONBOND=''
FFLAGS='-g'
FPP='fpp'
GREP=''
INSTALL_DATA='${INSTALL} -m 644'
INSTALL_PROGRAM='${INSTALL}'
INSTALL_SCRIPT='${INSTALL}'
INSTALL_STRIP_PROGRAM='$(install_sh) -c -s'
LAPACK_LIBS=''
LAPACK_PATH=''
LDFLAGS=' -assume byterecl -qopenmp  -lmkl_intel_lp64 -lmkl_sequential -lmkl_core -lmkl_lapack95_lp64 '
LIBOBJS=''
LIBS=''
LTLIBOBJS=''
MAKEINFO='${SHELL} /home/published_data/Lei_JChemPhys2023/Program/my_genesis_multipole/missing makeinfo'
MKDIR_P='/usr/bin/mkdir -p'
NVCC=''
NVCCFLAG=''
OBJEXT='o'
PACKAGE='genesis'
PACKAGE_BUGREPORT='genesis@riken.jp'
PACKAGE_NAME='genesis'
PACKAGE_STRING='genesis 1.6.1'
PACKAGE_TARNAME='genesis'
PACKAGE_URL=''
PACKAGE_VERSION='1.6.1'
PARALLEL_IO_FALSE='#'
PARALLEL_IO_TRUE=''
PATH_SEPARATOR=':'
PGICOMP_FALSE=''
PGICOMP_TRUE='#'
PPFLAGS=''
QSIMULATE_FALSE=''
QSIMULATE_TRUE='#'
RANLIB='ranlib'
SET_MAKE=''
SHELL='/bin/sh'
SPDYN_FALSE='#'
SPDYN_TRUE=''
STRIP=''
USEKCOMP_FALSE=''
USEKCOMP_TRUE='#'
VERSION='1.6.1'
ac_ct_CC='mpicc'
ac_ct_CXX='mpicxx'
ac_ct_F77='mpif90'
ac_ct_FC='mpif90'
am__EXEEXT_FALSE=''
am__EXEEXT_TRUE='#'
am__fastdepCC_FALSE='#'
am__fastdepCC_TRUE=''
am__fastdepCXX_FALSE='#'
am__fastdepCXX_TRUE=''
am__include='include'
am__isrc=''
am__leading_dot='.'
am__nodep='_no'
am__quote=''
am__tar='$${TAR-tar} chof - "$$tardir"'
am__untar='$${TAR-tar} xf -'
bindir='${exec_prefix}/bin'
build_alias=''
check_fpp=''
datadir='${datarootdir}'
datarootdir='${prefix}/share'
docdir='${datarootdir}/doc/${PACKAGE_TARNAME}'
dvidir='${docdir}'
exec_prefix='${prefix}'
host_alias=''
htmldir='${docdir}'
includedir='${prefix}/include'
infodir='${datarootdir}/info'
install_sh='${SHELL} /home/published_data/Lei_JChemPhys2023/Program/my_genesis_multipole/install-sh'
libdir='${exec_prefix}/lib'
libexecdir='${exec_prefix}/libexec'
localedir='${datarootdir}/locale'
localstatedir='${prefix}/var'
mandir='${datarootdir}/man'
mkdir_p='$(MKDIR_P)'
oldincludedir='/usr/include'
pdfdir='${docdir}'
prefix='/home/published_data/Lei_JChemPhys2023/Program/my_genesis_multipole/'
program_transform_name='s,x,x,'
psdir='${docdir}'
sbindir='${exec_prefix}/sbin'
sharedstatedir='${prefix}/com'
sysconfdir='${prefix}/etc'
target_alias=''

## ----------- ##
## confdefs.h. ##
## ----------- ##

/* confdefs.h */
#define PACKAGE_NAME "genesis"
#define PACKAGE_TARNAME "genesis"
#define PACKAGE_VERSION "1.6.1"
#define PACKAGE_STRING "genesis 1.6.1"
#define PACKAGE_BUGREPORT "genesis@riken.jp"
#define PACKAGE_URL ""
#define PACKAGE "genesis"
#define VERSION "1.6.1"
#define HAVE_MPI_GENESIS 1
#define OMP 1
#define FFTE 1
#define LAPACK 1
#define DSFMT_MEXP 19937
#define INTEL 1
#define COMPILE_HOST "kelp"
#define COMPILE_USER "yklei"
#define COMPILE_GENESIS_VERSION "1.6.1 [2021-07-27 01:53:56 +0900]"
#define COMPILE_FC_VER "ifort (IFORT) 2021.4.0 20210910"
#define COMPILE_CC_VER "icc (ICC) 2021.4.0 20210910"
#define COMPILE_DEFINED_VARIABLES " -DHAVE_MPI_GENESIS -DOMP -DFFTE -DLAPACK -DDSFMT_MEXP=19937 -DINTEL"
#define COMPILE_FCFLAGS "-xHost -O3 -ip -mkl=parallel  -assume byterecl -qopenmp "
#define COMPILE_CFLAGS "-O3 -ip -axCORE-AVX2  -qopenmp"
#define COMPILE_LDFLAGS " -assume byterecl -qopenmp  -lmkl_intel_lp64 -lmkl_sequential -lmkl_core -lmkl_lapack95_lp64 "

configure: exit 0

## ---------------------- ##
## Running config.status. ##
## ---------------------- ##

This file was extended by genesis config.status 1.6.1, which was
generated by GNU Autoconf 2.69.  Invocation command line was

  CONFIG_FILES    = 
  CONFIG_HEADERS  = 
  CONFIG_LINKS    = 
  CONFIG_COMMANDS = 
  $ ./config.status 

on kelp

config.status:952: creating Makefile
config.status:952: creating src/Makefile
config.status:952: creating src/lib/Makefile
config.status:952: creating src/lib/qsimulate/Makefile
config.status:952: creating src/spdyn/Makefile
config.status:952: creating src/atdyn/Makefile
config.status:952: creating src/analysis/Makefile
config.status:952: creating src/analysis/libana/Makefile
config.status:952: creating src/analysis/trj_analysis/Makefile
config.status:952: creating src/analysis/trj_analysis/comcrd_analysis/Makefile
config.status:952: creating src/analysis/trj_analysis/msd_analysis/Makefile
config.status:952: creating src/analysis/trj_analysis/diffusion_analysis/Makefile
config.status:952: creating src/analysis/trj_analysis/distmat_analysis/Makefile
config.status:952: creating src/analysis/trj_analysis/drms_analysis/Makefile
config.status:952: creating src/analysis/trj_analysis/fret_analysis/Makefile
config.status:952: creating src/analysis/trj_analysis/hb_analysis/Makefile
config.status:952: creating src/analysis/trj_analysis/lipidthick_analysis/Makefile
config.status:952: creating src/analysis/trj_analysis/qval_analysis/Makefile
config.status:952: creating src/analysis/trj_analysis/rg_analysis/Makefile
config.status:952: creating src/analysis/trj_analysis/rmsd_analysis/Makefile
config.status:952: creating src/analysis/trj_analysis/tilt_analysis/Makefile
config.status:952: creating src/analysis/trj_analysis/trj_analysis/Makefile
config.status:952: creating src/analysis/trj_analysis/energy_analysis/Makefile
config.status:952: creating src/analysis/sp_analysis/Makefile
config.status:952: creating src/analysis/sp_analysis/libspana/Makefile
config.status:952: creating src/analysis/sp_analysis/rdf_analysis/Makefile
config.status:952: creating src/analysis/sp_analysis/density_analysis/Makefile
config.status:952: creating src/analysis/sp_analysis/hbond_analysis/Makefile
config.status:952: creating src/analysis/sp_analysis/contact_analysis/Makefile
config.status:952: creating src/analysis/sp_analysis/sasa_analysis/Makefile
config.status:952: creating src/analysis/mode_analysis/Makefile
config.status:952: creating src/analysis/mode_analysis/avecrd_analysis/Makefile
config.status:952: creating src/analysis/mode_analysis/eigmat_analysis/Makefile
config.status:952: creating src/analysis/mode_analysis/flccrd_analysis/Makefile
config.status:952: creating src/analysis/mode_analysis/pcavec_drawer/Makefile
config.status:952: creating src/analysis/mode_analysis/prjcrd_analysis/Makefile
config.status:952: creating src/analysis/converter/Makefile
config.status:952: creating src/analysis/converter/crd_convert/Makefile
config.status:952: creating src/analysis/converter/pcrd_convert/Makefile
config.status:952: creating src/analysis/converter/remd_convert/Makefile
config.status:952: creating src/analysis/converter/rst_convert/Makefile
config.status:952: creating src/analysis/converter/rst_upgrade/Makefile
config.status:952: creating src/analysis/free_energy/Makefile
config.status:952: creating src/analysis/free_energy/mbar_analysis/Makefile
config.status:952: creating src/analysis/free_energy/meanforce_analysis/Makefile
config.status:952: creating src/analysis/free_energy/pmf_analysis/Makefile
config.status:952: creating src/analysis/free_energy/wham_analysis/Makefile
config.status:952: creating src/analysis/interface/Makefile
config.status:952: creating src/analysis/interface/dssp_interface/Makefile
config.status:952: creating src/analysis/clustering/Makefile
config.status:952: creating src/analysis/clustering/kmeans_clustering/Makefile
config.status:952: creating src/analysis/utilities/Makefile
config.status:952: creating src/analysis/utilities/pathcv_analysis/Makefile
config.status:952: creating src/analysis/utilities/qmmm_generator/Makefile
config.status:952: creating src/analysis/utilities/rpath_generator/Makefile
config.status:952: creating src/analysis/utilities/emmap_generator/Makefile
config.status:952: creating src/config.h
config.status:1181: executing depfiles commands
